<?xml version="1.0" encoding="UTF-8"?>
<!-- Generated by org.testng.reporters.JUnitReportReporter -->
<testsuite hostname="M1COLAP00038" failures="0" tests="1" name="testcases.android.GalleryTest" time="39.265" errors="0" timestamp="24 Mar 2022 07:34:25 GMT" skipped="0">
  <testcase classname="testcases.android.GalleryTest" name="headPhoneSection" time="39.265"/>
</testsuite> <!-- testcases.android.GalleryTest -->
