<?xml version="1.0" encoding="UTF-8"?>
<!-- Generated by org.testng.reporters.JUnitReportReporter -->
<testsuite hostname="DESKTOP-E4NSF2S" failures="0" tests="6" name="testcases.android.LandingPageTest" time="37.800" errors="0" timestamp="26 Jul 2022 13:32:04 GMT" skipped="5">
  <testcase classname="testcases.android.LandingPageTest" name="verify_Login_User_Inapp" time="37.800"/>
  <testcase classname="testcases.android.LandingPageTest" name="verifyILL">
    <skipped/>
  </testcase> <!-- verifyILL -->
  <testcase classname="testcases.android.LandingPageTest" name="verify_Login_Btn">
    <skipped/>
  </testcase> <!-- verify_Login_Btn -->
  <testcase classname="testcases.android.LandingPageTest" name="verifyQuicktour_StartBTn">
    <skipped/>
  </testcase> <!-- verifyQuicktour_StartBTn -->
  <testcase classname="testcases.android.LandingPageTest" name="verifyInvalidPassword">
    <skipped/>
  </testcase> <!-- verifyInvalidPassword -->
  <testcase classname="testcases.android.LandingPageTest" name="verifyInvalidEmail">
    <skipped/>
  </testcase> <!-- verifyInvalidEmail -->
</testsuite> <!-- testcases.android.LandingPageTest -->
